e:\work\ttylqp\common\libhnnet\proj.win32\debug.win32\vc120.pdb
e:\work\ttylqp\common\libhnnet\proj.win32\debug.win32\vc120.idb
c:\log\ldwatermarkhook.log
e:\work\ttylqp\common\libhnnet\proj.win32\debug.win32\hnmatchinfocache.obj
e:\work\ttylqp\common\libhnnet\proj.win32\debug.win32\hnroominfomodule.obj
e:\work\ttylqp\common\libhnnet\proj.win32\debug.win32\hnuserinfomodule.obj
e:\work\ttylqp\common\libhnnet\proj.win32\debug.win32\md5.obj
e:\work\ttylqp\common\libhnnet\proj.win32\debug.win32\hnrc4.obj
e:\work\ttylqp\common\libhnnet\proj.win32\debug.win32\hngametableusersdata.obj
e:\work\ttylqp\common\libhnnet\proj.win32\debug.win32\hngameuibase.obj
e:\work\ttylqp\common\libhnnet\proj.win32\debug.win32\hnhttp.obj
e:\work\ttylqp\common\libhnnet\proj.win32\debug.win32\hnuserheadhttp.obj
e:\work\ttylqp\common\libhnnet\proj.win32\debug.win32\hnbasecommand.obj
e:\work\ttylqp\common\libhnnet\proj.win32\debug.win32\hnplatformconfig.obj
e:\work\ttylqp\common\libhnnet\proj.win32\debug.win32\hngamecreator.obj
e:\work\ttylqp\common\libhnnet\proj.win32\debug.win32\hnplatformlogic.obj
e:\work\ttylqp\common\libhnnet\proj.win32\debug.win32\hnplatformbase.obj
e:\work\ttylqp\common\libhnnet\proj.win32\debug.win32\hnroomlogic.obj
e:\work\ttylqp\common\libhnnet\proj.win32\debug.win32\hnsocket.obj
e:\work\ttylqp\common\libhnnet\proj.win32\debug.win32\hnsocketlogic.obj
e:\work\ttylqp\common\libhnnet\proj.win32\debug.win32\hnsocketmessage.obj
e:\work\ttylqp\common\libhnnet\proj.win32\debug.win32\hnsocketprotocoldata.obj
e:\work\ttylqp\common\libhnnet\proj.win32\debug.win32\hnsocketthread.obj
e:\work\ttylqp\common\libhnnet\proj.win32\debug.win32\hnconvercode.obj
e:\work\ttylqp\common\libhnnet\proj.win32\debug.win32\hnlog.obj
e:\work\ttylqp\common\libhnnet\proj.win32\debug.win32\hnthread.obj
e:\work\ttylqp\common\libhnnet\proj.win32\debug.win32\hnmemorypool.obj
e:\work\ttylqp\common\libhnnet\proj.win32\debug.win32\hngamesinfomodule.obj
e:\work\ttylqp\game\mixproject\proj.win32\debug.win32\libhnnet.lib
e:\work\ttylqp\common\libhnnet\proj.win32\debug.win32\libhnnet.tlog\cl.command.1.tlog
e:\work\ttylqp\common\libhnnet\proj.win32\debug.win32\libhnnet.tlog\cl.read.1.tlog
e:\work\ttylqp\common\libhnnet\proj.win32\debug.win32\libhnnet.tlog\cl.write.1.tlog
e:\work\ttylqp\common\libhnnet\proj.win32\debug.win32\libhnnet.tlog\lib-link.read.1.tlog
e:\work\ttylqp\common\libhnnet\proj.win32\debug.win32\libhnnet.tlog\lib-link.write.1.tlog
e:\work\ttylqp\common\libhnnet\proj.win32\debug.win32\libhnnet.tlog\lib.command.1.tlog
